<?xml version="1.0" encoding="UTF-8"?>
<!-- Generated by org.testng.reporters.JUnitXMLReporter -->
<testsuite ignored="0" hostname="DESKTOP-28161K9" failures="0" tests="3" name="Default test" time="45.915" errors="0" timestamp="2022-12-18T15:11:07 IST">
  <testcase classname="shop.Tests.LaunchShopTest" name="openBrowser" time="7.564"/>
  <testcase classname="shop.Tests.CustomerLoginTest" name="customerLogin" time="8.02"/>
  <testcase classname="shop.Tests.productCheckoutLoginUserTest" name="productCheckout" time="29.407"/>
</testsuite> <!-- Default test -->
