<?xml version="1.0" encoding="UTF-8"?>
<!-- Generated by org.testng.reporters.JUnitXMLReporter -->
<testsuite ignored="0" hostname="DESKTOP-28161K9" failures="0" tests="3" name="Default test" time="123.98" errors="0" timestamp="2023-01-03T00:15:26 IST">
  <testcase classname="shop.Tests.LaunchShopTest" name="openBrowser" time="9.291"/>
  <testcase classname="shop.Tests.CustomerLoginTest" name="customerLogin" time="7.655"/>
  <testcase classname="shop.Tests.CustomerCheckoutTest" name="productCheckout" time="106.118"/>
</testsuite> <!-- Default test -->
