<?xml version="1.0" encoding="UTF-8"?>
<!-- Generated by org.testng.reporters.JUnitXMLReporter -->
<testsuite ignored="0" hostname="DESKTOP-28161K9" failures="0" tests="3" name="Default test" time="87.014" errors="0" timestamp="2022-12-20T23:22:46 IST">
  <testcase classname="shop.Tests.LaunchShopTest" name="openBrowser" time="7.158"/>
  <testcase classname="shop.Tests.CustomerLoginTest" name="customerLogin" time="7.422"/>
  <testcase classname="shop.Tests.productCheckoutLoginUserTest" name="productCheckout" time="71.404"/>
</testsuite> <!-- Default test -->
