<?xml version="1.0" encoding="UTF-8"?>
<!-- Generated by org.testng.reporters.JUnitXMLReporter -->
<testsuite ignored="0" hostname="DESKTOP-28161K9" failures="0" tests="3" name="Default test" time="22.83" errors="0" timestamp="2022-12-11T15:38:26 IST">
  <testcase classname="shop.Tests.LaunchShopTest" name="openBrowser" time="7.034"/>
  <testcase classname="shop.Tests.CustomerLoginTest" name="customerLogin" time="6.681"/>
  <testcase classname="shop.Tests.AddToWishListTest" name="addToWishlist" time="8.092"/>
</testsuite> <!-- Default test -->
