<?xml version="1.0" encoding="UTF-8"?>
<!-- Generated by org.testng.reporters.JUnitXMLReporter -->
<testsuite ignored="0" hostname="DESKTOP-28161K9" failures="0" tests="3" name="Default test" time="31.795" errors="0" timestamp="2022-12-11T23:18:11 IST">
  <testcase classname="shop.Tests.LaunchShopTest" name="openBrowser" time="16.544"/>
  <testcase classname="shop.Tests.CustomerLoginTest" name="customerLogin" time="8.609"/>
  <testcase classname="shop.Tests.MyOrderSearchBoxFilterTest" name="MyOrderSearchBox" time="5.938"/>
</testsuite> <!-- Default test -->
