<?xml version="1.0" encoding="UTF-8"?>
<!-- Generated by org.testng.reporters.JUnitXMLReporter -->
<testsuite ignored="0" hostname="DESKTOP-28161K9" failures="0" tests="3" name="Default test" time="101.738" errors="0" timestamp="2022-12-10T00:20:30 IST">
  <testcase classname="shop.Tests.LaunchShopTest" name="openBrowser" time="11.61"/>
  <testcase classname="shop.Tests.CustomerLoginTest" name="customerLogin" time="11.282"/>
  <testcase classname="shop.Tests.AddToWishListTest" name="addToWishlist" time="78.67"/>
</testsuite> <!-- Default test -->
