<?xml version="1.0" encoding="UTF-8"?>
<!-- Generated by org.testng.reporters.JUnitXMLReporter -->
<testsuite ignored="0" hostname="DESKTOP-28161K9" failures="0" tests="3" name="Default test" time="101.405" errors="0" timestamp="2022-12-21T23:44:00 IST">
  <testcase classname="shop.Tests.LaunchShopTest" name="openBrowser" time="10.671"/>
  <testcase classname="shop.Tests.CustomerLoginTest" name="customerLogin" time="6.406"/>
  <testcase classname="shop.Tests.productCheckoutLoginUserTest" name="productCheckout" time="83.683"/>
</testsuite> <!-- Default test -->
