<?xml version="1.0" encoding="UTF-8"?>
<testng-results ignored="0" total="2" passed="2" failed="0" skipped="0">
  <reporter-output>
  </reporter-output>
  <suite started-at="2023-01-06T23:16:44 IST" name="Default suite" finished-at="2023-01-06T23:17:58 IST" duration-ms="74078">
    <groups>
      <group name="Login.adminLogin">
        <method signature="Login.adminLogin()[pri:0, instance:admin.Tests.Login@543295b0]" name="adminLogin" class="admin.Tests.Login"/>
      </group> <!-- Login.adminLogin -->
    </groups>
    <test started-at="2023-01-06T23:16:44 IST" name="Default test" finished-at="2023-01-06T23:17:58 IST" duration-ms="74078">
      <class name="admin.Tests.CreateSimpleProduct">
        <test-method signature="createProduct()[pri:0, instance:admin.Tests.CreateSimpleProduct@1ffaf86]" started-at="2023-01-06T23:17:04 IST" name="createProduct" depends-on-groups="Login.adminLogin" finished-at="2023-01-06T23:17:58 IST" duration-ms="54344" status="PASS">
          <reporter-output>
          </reporter-output>
        </test-method> <!-- createProduct -->
        <test-method is-config="true" signature="closeBrowser()[pri:0, instance:admin.Tests.CreateSimpleProduct@1ffaf86]" started-at="2023-01-06T23:17:58 IST" name="closeBrowser" finished-at="2023-01-06T23:17:58 IST" duration-ms="1" status="PASS">
          <reporter-output>
          </reporter-output>
        </test-method> <!-- closeBrowser -->
      </class> <!-- admin.Tests.CreateSimpleProduct -->
      <class name="admin.Tests.Login">
        <test-method signature="adminLogin()[pri:0, instance:admin.Tests.Login@543295b0]" started-at="2023-01-06T23:16:44 IST" name="adminLogin" finished-at="2023-01-06T23:17:04 IST" duration-ms="19592" status="PASS">
          <reporter-output>
          </reporter-output>
        </test-method> <!-- adminLogin -->
        <test-method is-config="true" signature="closeBrowser()[pri:0, instance:admin.Tests.Login@543295b0]" started-at="2023-01-06T23:17:04 IST" name="closeBrowser" finished-at="2023-01-06T23:17:04 IST" duration-ms="10" status="PASS">
          <reporter-output>
          </reporter-output>
        </test-method> <!-- closeBrowser -->
      </class> <!-- admin.Tests.Login -->
    </test> <!-- Default test -->
  </suite> <!-- Default suite -->
</testng-results>
